<?xml version="1.0" encoding="UTF-8"?>
<!-- Generated by org.testng.reporters.JUnitReportReporter -->
<testsuite hostname="Harinder" failures="0" tests="5" name="com.naveenautomation.Tests.AccountLoginTest" time="32.413" errors="0" timestamp="2023-01-11T19:09:51 GMT-07:00" skipped="0">
  <testcase classname="com.naveenautomation.Tests.AccountLoginTest" name="verifyEditAccountFieldsArePreFilled" time="5.768"/>
  <system-out/>
  <testcase classname="com.naveenautomation.Tests.AccountLoginTest" name="verifyEditAccountFieldsArePreFilled" time="6.006"/>
  <system-out/>
  <testcase classname="com.naveenautomation.Tests.AccountLoginTest" name="verifyEditAccountFieldsArePreFilled" time="5.781"/>
  <system-out/>
  <testcase classname="com.naveenautomation.Tests.AccountLoginTest" name="verifyEditAccountFieldsArePreFilled" time="6.235"/>
  <system-out/>
  <testcase classname="com.naveenautomation.Tests.AccountLoginTest" name="verifyEditAccountFieldsArePreFilled" time="8.623"/>
  <system-out/>
</testsuite> <!-- com.naveenautomation.Tests.AccountLoginTest -->
