<?xml version="1.0" encoding="UTF-8"?>
<!-- Generated by org.testng.reporters.JUnitReportReporter -->
<testsuite hostname="Harinder" failures="0" tests="1" name="com.naveenautomation.Tests.LaptopsAndNotebooksTest" time="15.474" errors="0" timestamp="2024-01-30T14:32:46 MST" skipped="0">
  <testcase classname="com.naveenautomation.Tests.LaptopsAndNotebooksTest" name="validateLaptopsAndNotebooksPage" time="15.474"/>
  <system-out/>
</testsuite> <!-- com.naveenautomation.Tests.LaptopsAndNotebooksTest -->
